\BOOKMARK [1][-]{section.1}{\376\377\000L\000e\000c\000t\000u\000r\000e\000\040\0001}{}% 1
\BOOKMARK [2][-]{subsection.1.1}{\376\377\000W\000h\000a\000t\000\040\000i\000s\000\040\000C\000r\000i\000t\000i\000c\000a\000l\000\040\000T\000h\000i\000n\000k\000i\000n\000g\000?}{section.1}% 2
\BOOKMARK [2][-]{subsection.1.2}{\376\377\000T\000h\000i\000n\000k\000i\000n\000g\000\040\000S\000t\000y\000l\000e\000s}{section.1}% 3
\BOOKMARK [2][-]{subsection.1.3}{\376\377\000W\000e\000a\000k\000-\000S\000e\000n\000s\000e\000\040\000a\000n\000d\000\040\000S\000t\000r\000o\000n\000g\000-\000S\000e\000n\000s\000e\000\040\000C\000r\000i\000t\000i\000c\000a\000l\000\040\000T\000h\000i\000n\000k\000i\000n\000g}{section.1}% 4
\BOOKMARK [2][-]{subsection.1.4}{\376\377\000V\000a\000l\000u\000e\000s\000\040\000a\000n\000d\000\040\000P\000e\000o\000p\000l\000e}{section.1}% 5
\BOOKMARK [2][-]{subsection.1.5}{\376\377\000S\000t\000e\000r\000e\000o\000t\000y\000p\000e\000s}{section.1}% 6
\BOOKMARK [2][-]{subsection.1.6}{\376\377\000H\000a\000l\000o\000\040\000E\000f\000f\000e\000c\000t}{section.1}% 7
\BOOKMARK [2][-]{subsection.1.7}{\376\377\000B\000e\000l\000i\000e\000f\000\040\000P\000e\000r\000s\000e\000v\000e\000r\000a\000n\000c\000e}{section.1}% 8
\BOOKMARK [2][-]{subsection.1.8}{\376\377\000A\000v\000a\000i\000l\000a\000b\000i\000l\000i\000t\000y\000\040\000H\000e\000u\000r\000i\000s\000t\000i\000c}{section.1}% 9
\BOOKMARK [2][-]{subsection.1.9}{\376\377\000A\000n\000s\000w\000e\000r\000i\000n\000g\000\040\000t\000h\000e\000\040\000W\000r\000o\000n\000g\000\040\000Q\000u\000e\000s\000t\000i\000o\000n}{section.1}% 10
\BOOKMARK [2][-]{subsection.1.10}{\376\377\000E\000g\000o\000c\000e\000n\000t\000r\000i\000s\000m}{section.1}% 11
\BOOKMARK [2][-]{subsection.1.11}{\376\377\000W\000i\000s\000h\000f\000u\000l\000\040\000T\000h\000i\000n\000k\000i\000n\000g}{section.1}% 12
\BOOKMARK [1][-]{section.2}{\376\377\000L\000e\000c\000t\000u\000r\000e\000\040\0002}{}% 13
\BOOKMARK [2][-]{subsection.2.1}{\376\377\000I\000s\000s\000u\000e}{section.2}% 14
\BOOKMARK [2][-]{subsection.2.2}{\376\377\000D\000e\000s\000c\000r\000i\000p\000t\000i\000v\000e\000\040\000I\000s\000s\000u\000e}{section.2}% 15
\BOOKMARK [2][-]{subsection.2.3}{\376\377\000P\000r\000e\000s\000c\000r\000i\000p\000t\000i\000v\000e\000\040\000I\000s\000s\000u\000e}{section.2}% 16
\BOOKMARK [2][-]{subsection.2.4}{\376\377\000C\000o\000n\000c\000l\000u\000s\000i\000o\000n}{section.2}% 17
\BOOKMARK [2][-]{subsection.2.5}{\376\377\000R\000e\000a\000s\000o\000n\000s}{section.2}% 18
\BOOKMARK [2][-]{subsection.2.6}{\376\377\000A\000r\000g\000u\000m\000e\000n\000t}{section.2}% 19
\BOOKMARK [1][-]{section.3}{\376\377\000L\000e\000c\000t\000u\000r\000e\000\040\0003}{}% 20
\BOOKMARK [2][-]{subsection.3.1}{\376\377\000A\000m\000b\000i\000g\000u\000i\000t\000y}{section.3}% 21
\BOOKMARK [2][-]{subsection.3.2}{\376\377\000E\000q\000u\000i\000v\000o\000c\000a\000t\000i\000o\000n}{section.3}% 22
\BOOKMARK [2][-]{subsection.3.3}{\376\377\000O\000t\000h\000e\000r\000\040\000t\000y\000p\000e\000s\000\040\000o\000f\000\040\000A\000m\000b\000i\000g\000u\000i\000t\000y}{section.3}% 23
\BOOKMARK [2][-]{subsection.3.4}{\376\377\000V\000a\000g\000u\000e\000n\000e\000s\000s}{section.3}% 24
\BOOKMARK [2][-]{subsection.3.5}{\376\377\000I\000n\000c\000o\000m\000p\000l\000e\000t\000e\000\040\000M\000e\000a\000n\000i\000n\000g}{section.3}% 25
\BOOKMARK [2][-]{subsection.3.6}{\376\377\000C\000o\000n\000c\000e\000p\000t\000u\000a\000l\000\040\000D\000i\000s\000t\000o\000r\000t\000i\000o\000n}{section.3}% 26
\BOOKMARK [2][-]{subsection.3.7}{\376\377\000L\000o\000a\000d\000e\000d\000\040\000L\000a\000n\000g\000u\000a\000g\000e}{section.3}% 27
\BOOKMARK [2][-]{subsection.3.8}{\376\377\000O\000t\000h\000e\000r\000\040\000t\000y\000p\000e\000s\000\040\000o\000f\000\040\000D\000i\000s\000t\000o\000r\000t\000i\000o\000n}{section.3}% 28
\BOOKMARK [2][-]{subsection.3.9}{\376\377\000E\000m\000p\000t\000y\000\040\000M\000e\000a\000n\000i\000n\000g}{section.3}% 29
\BOOKMARK [2][-]{subsection.3.10}{\376\377\000G\000o\000b\000b\000l\000e\000d\000y\000g\000o\000o\000k}{section.3}% 30
\BOOKMARK [1][-]{section.4}{\376\377\000L\000e\000c\000t\000u\000r\000e\000\040\0004}{}% 31
\BOOKMARK [2][-]{subsection.4.1}{\376\377\000N\000e\000c\000e\000s\000s\000a\000r\000y\000\040\000C\000o\000n\000d\000i\000t\000i\000o\000n}{section.4}% 32
\BOOKMARK [2][-]{subsection.4.2}{\376\377\000S\000u\000f\000f\000i\000c\000i\000e\000n\000t\000\040\000C\000o\000n\000d\000i\000t\000i\000o\000n}{section.4}% 33
\BOOKMARK [2][-]{subsection.4.3}{\376\377\000T\000h\000e\000\040\000W\000r\000i\000t\000e\000-\000o\000f\000f\000\040\000F\000a\000l\000l\000a\000c\000y}{section.4}% 34
\BOOKMARK [2][-]{subsection.4.4}{\376\377\000D\000e\000d\000u\000c\000t\000i\000v\000e\000\040\000A\000r\000g\000u\000m\000e\000n\000t\000s}{section.4}% 35
\BOOKMARK [2][-]{subsection.4.5}{\376\377\000I\000n\000d\000u\000c\000t\000i\000v\000e\000\040\000A\000r\000g\000u\000m\000e\000n\000t\000s}{section.4}% 36
\BOOKMARK [1][-]{section.5}{\376\377\000L\000e\000c\000t\000u\000r\000e\000\040\0005}{}% 37
\BOOKMARK [2][-]{subsection.5.1}{\376\377\000V\000a\000l\000i\000d\000i\000t\000y}{section.5}% 38
\BOOKMARK [2][-]{subsection.5.2}{\376\377\000S\000o\000u\000n\000d\000n\000e\000s\000s}{section.5}% 39
\BOOKMARK [1][-]{section.6}{\376\377\000L\000e\000c\000t\000u\000r\000e\000\040\0006}{}% 40
\BOOKMARK [2][-]{subsection.6.1}{\376\377\000P\000a\000t\000t\000e\000r\000n\000s\000\040\000o\000f\000\040\000V\000a\000i\000l\000d\000\040\000A\000r\000g\000u\000m\000e\000n\000t\000s}{section.6}% 41
\BOOKMARK [3][-]{subsubsection.6.1.1}{\376\377\000M\000o\000d\000u\000s\000\040\000P\000o\000n\000e\000n\000s}{subsection.6.1}% 42
\BOOKMARK [3][-]{subsubsection.6.1.2}{\376\377\000M\000o\000d\000u\000s\000\040\000T\000o\000l\000l\000e\000n\000s}{subsection.6.1}% 43
\BOOKMARK [3][-]{subsubsection.6.1.3}{\376\377\000D\000i\000s\000j\000u\000n\000c\000t\000i\000v\000e\000\040\000S\000y\000l\000l\000o\000g\000i\000s\000m}{subsection.6.1}% 44
\BOOKMARK [3][-]{subsubsection.6.1.4}{\376\377\000H\000y\000p\000o\000t\000h\000e\000t\000i\000c\000a\000l\000\040\000S\000y\000l\000l\000o\000g\000i\000s\000m}{subsection.6.1}% 45
\BOOKMARK [3][-]{subsubsection.6.1.5}{\376\377\000C\000o\000n\000s\000t\000r\000u\000c\000t\000i\000v\000e\000\040\000D\000i\000l\000e\000m\000m\000a}{subsection.6.1}% 46
\BOOKMARK [3][-]{subsubsection.6.1.6}{\376\377\000D\000e\000s\000t\000r\000u\000c\000t\000i\000v\000e\000\040\000D\000i\000l\000e\000m\000m\000a}{subsection.6.1}% 47
\BOOKMARK [3][-]{subsubsection.6.1.7}{\376\377\000B\000i\000d\000i\000r\000e\000c\000t\000i\000o\000n\000a\000l\000\040\000D\000i\000l\000e\000m\000m\000a}{subsection.6.1}% 48
\BOOKMARK [3][-]{subsubsection.6.1.8}{\376\377\000P\000r\000o\000o\000f\000\040\000b\000y\000\040\000C\000o\000n\000t\000r\000a\000d\000i\000c\000t\000i\000o\000n}{subsection.6.1}% 49
\BOOKMARK [2][-]{subsection.6.2}{\376\377\000P\000a\000t\000t\000e\000r\000n\000s\000\040\000o\000f\000\040\000I\000n\000v\000a\000i\000l\000d\000\040\000A\000r\000g\000u\000m\000e\000n\000t\000s}{section.6}% 50
\BOOKMARK [3][-]{subsubsection.6.2.1}{\376\377\000A\000f\000f\000i\000r\000m\000i\000n\000g\000\040\000t\000h\000e\000\040\000C\000o\000n\000s\000e\000q\000u\000e\000n\000t}{subsection.6.2}% 51
\BOOKMARK [3][-]{subsubsection.6.2.2}{\376\377\000D\000e\000n\000y\000i\000n\000g\000\040\000t\000h\000e\000\040\000A\000n\000t\000e\000c\000e\000d\000e\000n\000t}{subsection.6.2}% 52
\BOOKMARK [2][-]{subsection.6.3}{\376\377\000G\000e\000n\000e\000r\000a\000l\000i\000z\000a\000t\000i\000o\000n\000s}{section.6}% 53
\BOOKMARK [3][-]{subsubsection.6.3.1}{\376\377\000V\000a\000i\000l\000d\000\040\000P\000a\000t\000t\000e\000r\000n\000s}{subsection.6.3}% 54
\BOOKMARK [3][-]{subsubsection.6.3.2}{\376\377\000I\000n\000v\000a\000i\000l\000d\000\040\000P\000a\000t\000t\000e\000r\000n\000s}{subsection.6.3}% 55
\BOOKMARK [1][-]{section.7}{\376\377\000L\000e\000c\000t\000u\000r\000e\000\040\0007}{}% 56
\BOOKMARK [1][-]{section.8}{\376\377\000L\000e\000c\000t\000u\000r\000e\000\040\0008}{}% 57
